2025-07-22 17:57:43 - root - INFO - ============================================================
2025-07-22 17:57:43 - root - INFO - Ultimate Market AI Engine - Logging Initialized
2025-07-22 17:57:43 - root - INFO - Log Level: INFO
2025-07-22 17:57:43 - root - INFO - Main Log File: logs/market_ai_20250722.log
2025-07-22 17:57:43 - root - INFO - Error Log File: logs/market_ai_errors_20250722.log
2025-07-22 17:57:43 - root - INFO - ============================================================
2025-07-22 17:57:44 - models.deep_learning_ensemble - INFO - Using device: cpu
2025-07-22 17:57:47 - root - INFO - ============================================================
2025-07-22 17:57:47 - root - INFO - Ultimate Market AI Engine - Logging Initialized
2025-07-22 17:57:47 - root - INFO - Log Level: INFO
2025-07-22 17:57:47 - root - INFO - Main Log File: logs/market_ai_20250722.log
2025-07-22 17:57:47 - root - INFO - Error Log File: logs/market_ai_errors_20250722.log
2025-07-22 17:57:47 - root - INFO - ============================================================
2025-07-22 17:57:47 - models.deep_learning_ensemble - INFO - Using device: cpu
2025-07-22 17:59:30 - root - INFO - ============================================================
2025-07-22 17:59:30 - root - INFO - Ultimate Market AI Engine - Logging Initialized
2025-07-22 17:59:30 - root - INFO - Log Level: INFO
2025-07-22 17:59:30 - root - INFO - Main Log File: logs/market_ai_20250722.log
2025-07-22 17:59:30 - root - INFO - Error Log File: logs/market_ai_errors_20250722.log
2025-07-22 17:59:30 - root - INFO - ============================================================
2025-07-22 17:59:30 - models.deep_learning_ensemble - INFO - Using device: cpu
2025-07-22 17:59:36 - root - INFO - ============================================================
2025-07-22 17:59:36 - root - INFO - Ultimate Market AI Engine - Logging Initialized
2025-07-22 17:59:36 - root - INFO - Log Level: INFO
2025-07-22 17:59:36 - root - INFO - Main Log File: logs/market_ai_20250722.log
2025-07-22 17:59:36 - root - INFO - Error Log File: logs/market_ai_errors_20250722.log
2025-07-22 17:59:36 - root - INFO - ============================================================
2025-07-22 17:59:36 - data.live_data_loader - INFO - Fetching multi-timeframe data for RELIANCE.NS
2025-07-22 17:59:36 - data.live_data_loader - INFO - Fetching RELIANCE.NS data for 5m (attempt 1)
2025-07-22 17:59:37 - data.live_data_loader - ERROR - Error fetching RELIANCE.NS 5m (attempt 1): PriceHistory.history() got an unexpected keyword argument 'threads'
2025-07-22 17:59:37 - data.live_data_loader - INFO - Fetching RELIANCE.NS data for 15m (attempt 1)
2025-07-22 17:59:37 - data.live_data_loader - ERROR - Error fetching RELIANCE.NS 15m (attempt 1): PriceHistory.history() got an unexpected keyword argument 'threads'
2025-07-22 17:59:37 - data.live_data_loader - INFO - Fetching RELIANCE.NS data for 1d (attempt 1)
2025-07-22 17:59:37 - data.live_data_loader - ERROR - Error fetching RELIANCE.NS 1d (attempt 1): PriceHistory.history() got an unexpected keyword argument 'threads'
2025-07-22 17:59:37 - data.live_data_loader - INFO - Fetching RELIANCE.NS data for 1w (attempt 1)
2025-07-22 17:59:37 - data.live_data_loader - ERROR - Error fetching RELIANCE.NS 1w (attempt 1): PriceHistory.history() got an unexpected keyword argument 'threads'
2025-07-22 17:59:39 - data.live_data_loader - INFO - Fetching RELIANCE.NS data for 5m (attempt 2)
2025-07-22 17:59:39 - data.live_data_loader - ERROR - Error fetching RELIANCE.NS 5m (attempt 2): PriceHistory.history() got an unexpected keyword argument 'threads'
2025-07-22 17:59:39 - data.live_data_loader - INFO - Fetching RELIANCE.NS data for 15m (attempt 2)
2025-07-22 17:59:39 - data.live_data_loader - ERROR - Error fetching RELIANCE.NS 15m (attempt 2): PriceHistory.history() got an unexpected keyword argument 'threads'
2025-07-22 17:59:39 - data.live_data_loader - INFO - Fetching RELIANCE.NS data for 1d (attempt 2)
2025-07-22 17:59:39 - data.live_data_loader - ERROR - Error fetching RELIANCE.NS 1d (attempt 2): PriceHistory.history() got an unexpected keyword argument 'threads'
2025-07-22 17:59:39 - data.live_data_loader - INFO - Fetching RELIANCE.NS data for 1w (attempt 2)
2025-07-22 17:59:39 - data.live_data_loader - ERROR - Error fetching RELIANCE.NS 1w (attempt 2): PriceHistory.history() got an unexpected keyword argument 'threads'
2025-07-22 17:59:43 - data.live_data_loader - INFO - Fetching RELIANCE.NS data for 5m (attempt 3)
2025-07-22 17:59:43 - data.live_data_loader - ERROR - Error fetching RELIANCE.NS 5m (attempt 3): PriceHistory.history() got an unexpected keyword argument 'threads'
2025-07-22 17:59:43 - data.live_data_loader - ERROR - Failed to fetch RELIANCE.NS 5m after all retries
2025-07-22 17:59:43 - data.live_data_loader - INFO - Fetching RELIANCE.NS data for 15m (attempt 3)
2025-07-22 17:59:43 - data.live_data_loader - ERROR - Error fetching RELIANCE.NS 15m (attempt 3): PriceHistory.history() got an unexpected keyword argument 'threads'
2025-07-22 17:59:43 - data.live_data_loader - ERROR - Failed to fetch RELIANCE.NS 15m after all retries
2025-07-22 17:59:43 - data.live_data_loader - INFO - Fetching RELIANCE.NS data for 1d (attempt 3)
2025-07-22 17:59:43 - data.live_data_loader - ERROR - Error fetching RELIANCE.NS 1d (attempt 3): PriceHistory.history() got an unexpected keyword argument 'threads'
2025-07-22 17:59:43 - data.live_data_loader - ERROR - Failed to fetch RELIANCE.NS 1d after all retries
2025-07-22 17:59:43 - data.live_data_loader - INFO - Fetching RELIANCE.NS data for 1w (attempt 3)
2025-07-22 17:59:43 - data.live_data_loader - ERROR - Error fetching RELIANCE.NS 1w (attempt 3): PriceHistory.history() got an unexpected keyword argument 'threads'
2025-07-22 17:59:43 - data.live_data_loader - ERROR - Failed to fetch RELIANCE.NS 1w after all retries
2025-07-22 17:59:43 - data.live_data_loader - WARNING - No data available for 5m
2025-07-22 17:59:43 - data.live_data_loader - WARNING - No data available for 15m
2025-07-22 17:59:43 - data.live_data_loader - WARNING - No data available for 1d
2025-07-22 17:59:43 - data.live_data_loader - WARNING - No data available for 1w
2025-07-22 17:59:43 - __main__ - ERROR - Error loading market data: No valid data fetched for RELIANCE.NS
2025-07-22 17:59:49 - root - INFO - ============================================================
2025-07-22 17:59:49 - root - INFO - Ultimate Market AI Engine - Logging Initialized
2025-07-22 17:59:49 - root - INFO - Log Level: INFO
2025-07-22 17:59:49 - root - INFO - Main Log File: logs/market_ai_20250722.log
2025-07-22 17:59:49 - root - INFO - Error Log File: logs/market_ai_errors_20250722.log
2025-07-22 17:59:49 - root - INFO - ============================================================
2025-07-22 17:59:49 - data.live_data_loader - INFO - Fetching multi-timeframe data for RELIANCE.NS
2025-07-22 17:59:49 - data.live_data_loader - INFO - Fetching RELIANCE.NS data for 5m (attempt 1)
2025-07-22 17:59:49 - data.live_data_loader - ERROR - Error fetching RELIANCE.NS 5m (attempt 1): PriceHistory.history() got an unexpected keyword argument 'threads'
2025-07-22 17:59:49 - data.live_data_loader - INFO - Fetching RELIANCE.NS data for 15m (attempt 1)
2025-07-22 17:59:49 - data.live_data_loader - ERROR - Error fetching RELIANCE.NS 15m (attempt 1): PriceHistory.history() got an unexpected keyword argument 'threads'
2025-07-22 17:59:49 - data.live_data_loader - INFO - Fetching RELIANCE.NS data for 1d (attempt 1)
2025-07-22 17:59:49 - data.live_data_loader - ERROR - Error fetching RELIANCE.NS 1d (attempt 1): PriceHistory.history() got an unexpected keyword argument 'threads'
2025-07-22 17:59:49 - data.live_data_loader - INFO - Fetching RELIANCE.NS data for 1w (attempt 1)
2025-07-22 17:59:49 - data.live_data_loader - ERROR - Error fetching RELIANCE.NS 1w (attempt 1): PriceHistory.history() got an unexpected keyword argument 'threads'
2025-07-22 17:59:51 - data.live_data_loader - INFO - Fetching RELIANCE.NS data for 5m (attempt 2)
2025-07-22 17:59:51 - data.live_data_loader - ERROR - Error fetching RELIANCE.NS 5m (attempt 2): PriceHistory.history() got an unexpected keyword argument 'threads'
2025-07-22 17:59:51 - data.live_data_loader - INFO - Fetching RELIANCE.NS data for 15m (attempt 2)
2025-07-22 17:59:51 - data.live_data_loader - ERROR - Error fetching RELIANCE.NS 15m (attempt 2): PriceHistory.history() got an unexpected keyword argument 'threads'
2025-07-22 17:59:51 - data.live_data_loader - INFO - Fetching RELIANCE.NS data for 1d (attempt 2)
2025-07-22 17:59:51 - data.live_data_loader - ERROR - Error fetching RELIANCE.NS 1d (attempt 2): PriceHistory.history() got an unexpected keyword argument 'threads'
2025-07-22 17:59:51 - data.live_data_loader - INFO - Fetching RELIANCE.NS data for 1w (attempt 2)
2025-07-22 17:59:51 - data.live_data_loader - ERROR - Error fetching RELIANCE.NS 1w (attempt 2): PriceHistory.history() got an unexpected keyword argument 'threads'
2025-07-22 17:59:55 - data.live_data_loader - INFO - Fetching RELIANCE.NS data for 5m (attempt 3)
2025-07-22 17:59:55 - data.live_data_loader - ERROR - Error fetching RELIANCE.NS 5m (attempt 3): PriceHistory.history() got an unexpected keyword argument 'threads'
2025-07-22 17:59:55 - data.live_data_loader - ERROR - Failed to fetch RELIANCE.NS 5m after all retries
2025-07-22 17:59:55 - data.live_data_loader - INFO - Fetching RELIANCE.NS data for 15m (attempt 3)
2025-07-22 17:59:55 - data.live_data_loader - ERROR - Error fetching RELIANCE.NS 15m (attempt 3): PriceHistory.history() got an unexpected keyword argument 'threads'
2025-07-22 17:59:55 - data.live_data_loader - ERROR - Failed to fetch RELIANCE.NS 15m after all retries
2025-07-22 17:59:55 - data.live_data_loader - INFO - Fetching RELIANCE.NS data for 1d (attempt 3)
2025-07-22 17:59:55 - data.live_data_loader - ERROR - Error fetching RELIANCE.NS 1d (attempt 3): PriceHistory.history() got an unexpected keyword argument 'threads'
2025-07-22 17:59:55 - data.live_data_loader - ERROR - Failed to fetch RELIANCE.NS 1d after all retries
2025-07-22 17:59:55 - data.live_data_loader - INFO - Fetching RELIANCE.NS data for 1w (attempt 3)
2025-07-22 17:59:55 - data.live_data_loader - ERROR - Error fetching RELIANCE.NS 1w (attempt 3): PriceHistory.history() got an unexpected keyword argument 'threads'
2025-07-22 17:59:55 - data.live_data_loader - ERROR - Failed to fetch RELIANCE.NS 1w after all retries
2025-07-22 17:59:55 - data.live_data_loader - WARNING - No data available for 5m
2025-07-22 17:59:55 - data.live_data_loader - WARNING - No data available for 15m
2025-07-22 17:59:55 - data.live_data_loader - WARNING - No data available for 1d
2025-07-22 17:59:55 - data.live_data_loader - WARNING - No data available for 1w
2025-07-22 17:59:55 - __main__ - ERROR - Error loading market data: No valid data fetched for RELIANCE.NS
2025-07-22 18:04:50 - root - INFO - ============================================================
2025-07-22 18:04:50 - root - INFO - Ultimate Market AI Engine - Logging Initialized
2025-07-22 18:04:50 - root - INFO - Log Level: INFO
2025-07-22 18:04:50 - root - INFO - Main Log File: logs/market_ai_20250722.log
2025-07-22 18:04:50 - root - INFO - Error Log File: logs/market_ai_errors_20250722.log
2025-07-22 18:04:50 - root - INFO - ============================================================
2025-07-22 18:04:50 - models.deep_learning_ensemble - INFO - Using device: cpu
2025-07-22 18:04:58 - root - INFO - ============================================================
2025-07-22 18:04:58 - root - INFO - Ultimate Market AI Engine - Logging Initialized
2025-07-22 18:04:58 - root - INFO - Log Level: INFO
2025-07-22 18:04:58 - root - INFO - Main Log File: logs/market_ai_20250722.log
2025-07-22 18:04:58 - root - INFO - Error Log File: logs/market_ai_errors_20250722.log
2025-07-22 18:04:58 - root - INFO - ============================================================
2025-07-22 18:04:58 - models.deep_learning_ensemble - INFO - Using device: cpu
2025-07-22 18:05:05 - root - INFO - ============================================================
2025-07-22 18:05:05 - root - INFO - Ultimate Market AI Engine - Logging Initialized
2025-07-22 18:05:05 - root - INFO - Log Level: INFO
2025-07-22 18:05:05 - root - INFO - Main Log File: logs/market_ai_20250722.log
2025-07-22 18:05:05 - root - INFO - Error Log File: logs/market_ai_errors_20250722.log
2025-07-22 18:05:05 - root - INFO - ============================================================
2025-07-22 18:05:05 - data.live_data_loader - INFO - Fetching multi-timeframe data for RELIANCE.NS
2025-07-22 18:05:05 - data.live_data_loader - INFO - Fetching RELIANCE.NS data for 5m (attempt 1)
2025-07-22 18:05:05 - data.live_data_loader - ERROR - Error fetching RELIANCE.NS 5m (attempt 1): PriceHistory.history() got an unexpected keyword argument 'threads'
2025-07-22 18:05:05 - data.live_data_loader - INFO - Fetching RELIANCE.NS data for 15m (attempt 1)
2025-07-22 18:05:05 - data.live_data_loader - ERROR - Error fetching RELIANCE.NS 15m (attempt 1): PriceHistory.history() got an unexpected keyword argument 'threads'
2025-07-22 18:05:05 - data.live_data_loader - INFO - Fetching RELIANCE.NS data for 1d (attempt 1)
2025-07-22 18:05:05 - data.live_data_loader - ERROR - Error fetching RELIANCE.NS 1d (attempt 1): PriceHistory.history() got an unexpected keyword argument 'threads'
2025-07-22 18:05:05 - data.live_data_loader - INFO - Fetching RELIANCE.NS data for 1w (attempt 1)
2025-07-22 18:05:05 - data.live_data_loader - ERROR - Error fetching RELIANCE.NS 1w (attempt 1): PriceHistory.history() got an unexpected keyword argument 'threads'
2025-07-22 18:05:07 - data.live_data_loader - INFO - Fetching RELIANCE.NS data for 5m (attempt 2)
2025-07-22 18:05:07 - data.live_data_loader - ERROR - Error fetching RELIANCE.NS 5m (attempt 2): PriceHistory.history() got an unexpected keyword argument 'threads'
2025-07-22 18:05:07 - data.live_data_loader - INFO - Fetching RELIANCE.NS data for 15m (attempt 2)
2025-07-22 18:05:07 - data.live_data_loader - ERROR - Error fetching RELIANCE.NS 15m (attempt 2): PriceHistory.history() got an unexpected keyword argument 'threads'
2025-07-22 18:05:07 - data.live_data_loader - INFO - Fetching RELIANCE.NS data for 1d (attempt 2)
2025-07-22 18:05:07 - data.live_data_loader - ERROR - Error fetching RELIANCE.NS 1d (attempt 2): PriceHistory.history() got an unexpected keyword argument 'threads'
2025-07-22 18:05:07 - data.live_data_loader - INFO - Fetching RELIANCE.NS data for 1w (attempt 2)
2025-07-22 18:05:07 - data.live_data_loader - ERROR - Error fetching RELIANCE.NS 1w (attempt 2): PriceHistory.history() got an unexpected keyword argument 'threads'
2025-07-22 18:05:11 - data.live_data_loader - INFO - Fetching RELIANCE.NS data for 5m (attempt 3)
2025-07-22 18:05:11 - data.live_data_loader - ERROR - Error fetching RELIANCE.NS 5m (attempt 3): PriceHistory.history() got an unexpected keyword argument 'threads'
2025-07-22 18:05:11 - data.live_data_loader - ERROR - Failed to fetch RELIANCE.NS 5m after all retries
2025-07-22 18:05:11 - data.live_data_loader - INFO - Fetching RELIANCE.NS data for 15m (attempt 3)
2025-07-22 18:05:11 - data.live_data_loader - ERROR - Error fetching RELIANCE.NS 15m (attempt 3): PriceHistory.history() got an unexpected keyword argument 'threads'
2025-07-22 18:05:11 - data.live_data_loader - ERROR - Failed to fetch RELIANCE.NS 15m after all retries
2025-07-22 18:05:11 - data.live_data_loader - INFO - Fetching RELIANCE.NS data for 1d (attempt 3)
2025-07-22 18:05:11 - data.live_data_loader - ERROR - Error fetching RELIANCE.NS 1d (attempt 3): PriceHistory.history() got an unexpected keyword argument 'threads'
2025-07-22 18:05:11 - data.live_data_loader - ERROR - Failed to fetch RELIANCE.NS 1d after all retries
2025-07-22 18:05:11 - data.live_data_loader - INFO - Fetching RELIANCE.NS data for 1w (attempt 3)
2025-07-22 18:05:11 - data.live_data_loader - ERROR - Error fetching RELIANCE.NS 1w (attempt 3): PriceHistory.history() got an unexpected keyword argument 'threads'
2025-07-22 18:05:11 - data.live_data_loader - ERROR - Failed to fetch RELIANCE.NS 1w after all retries
2025-07-22 18:05:11 - data.live_data_loader - WARNING - No data available for 5m
2025-07-22 18:05:11 - data.live_data_loader - WARNING - No data available for 15m
2025-07-22 18:05:11 - data.live_data_loader - WARNING - No data available for 1d
2025-07-22 18:05:11 - data.live_data_loader - WARNING - No data available for 1w
2025-07-22 18:05:11 - __main__ - ERROR - Error loading market data: No valid data fetched for RELIANCE.NS
2025-07-22 18:05:21 - root - INFO - ============================================================
2025-07-22 18:05:21 - root - INFO - Ultimate Market AI Engine - Logging Initialized
2025-07-22 18:05:21 - root - INFO - Log Level: INFO
2025-07-22 18:05:21 - root - INFO - Main Log File: logs/market_ai_20250722.log
2025-07-22 18:05:21 - root - INFO - Error Log File: logs/market_ai_errors_20250722.log
2025-07-22 18:05:21 - root - INFO - ============================================================
2025-07-22 18:05:23 - root - INFO - ============================================================
2025-07-22 18:05:23 - root - INFO - Ultimate Market AI Engine - Logging Initialized
2025-07-22 18:05:23 - root - INFO - Log Level: INFO
2025-07-22 18:05:23 - root - INFO - Main Log File: logs/market_ai_20250722.log
2025-07-22 18:05:23 - root - INFO - Error Log File: logs/market_ai_errors_20250722.log
2025-07-22 18:05:23 - root - INFO - ============================================================
2025-07-22 18:05:23 - data.live_data_loader - INFO - Fetching multi-timeframe data for TCS.NS
2025-07-22 18:05:23 - data.live_data_loader - INFO - Fetching TCS.NS data for 5m (attempt 1)
2025-07-22 18:05:23 - data.live_data_loader - ERROR - Error fetching TCS.NS 5m (attempt 1): PriceHistory.history() got an unexpected keyword argument 'threads'
2025-07-22 18:05:23 - data.live_data_loader - INFO - Fetching TCS.NS data for 15m (attempt 1)
2025-07-22 18:05:23 - data.live_data_loader - ERROR - Error fetching TCS.NS 15m (attempt 1): PriceHistory.history() got an unexpected keyword argument 'threads'
2025-07-22 18:05:23 - data.live_data_loader - INFO - Fetching TCS.NS data for 1d (attempt 1)
2025-07-22 18:05:23 - data.live_data_loader - ERROR - Error fetching TCS.NS 1d (attempt 1): PriceHistory.history() got an unexpected keyword argument 'threads'
2025-07-22 18:05:23 - data.live_data_loader - INFO - Fetching TCS.NS data for 1w (attempt 1)
2025-07-22 18:05:23 - data.live_data_loader - ERROR - Error fetching TCS.NS 1w (attempt 1): PriceHistory.history() got an unexpected keyword argument 'threads'
2025-07-22 18:05:25 - data.live_data_loader - INFO - Fetching TCS.NS data for 5m (attempt 2)
2025-07-22 18:05:25 - data.live_data_loader - ERROR - Error fetching TCS.NS 5m (attempt 2): PriceHistory.history() got an unexpected keyword argument 'threads'
2025-07-22 18:05:25 - data.live_data_loader - INFO - Fetching TCS.NS data for 15m (attempt 2)
2025-07-22 18:05:25 - data.live_data_loader - ERROR - Error fetching TCS.NS 15m (attempt 2): PriceHistory.history() got an unexpected keyword argument 'threads'
2025-07-22 18:05:25 - data.live_data_loader - INFO - Fetching TCS.NS data for 1d (attempt 2)
2025-07-22 18:05:25 - data.live_data_loader - ERROR - Error fetching TCS.NS 1d (attempt 2): PriceHistory.history() got an unexpected keyword argument 'threads'
2025-07-22 18:05:25 - data.live_data_loader - INFO - Fetching TCS.NS data for 1w (attempt 2)
2025-07-22 18:05:25 - data.live_data_loader - ERROR - Error fetching TCS.NS 1w (attempt 2): PriceHistory.history() got an unexpected keyword argument 'threads'
2025-07-22 18:05:29 - data.live_data_loader - INFO - Fetching TCS.NS data for 5m (attempt 3)
2025-07-22 18:05:29 - data.live_data_loader - ERROR - Error fetching TCS.NS 5m (attempt 3): PriceHistory.history() got an unexpected keyword argument 'threads'
2025-07-22 18:05:29 - data.live_data_loader - ERROR - Failed to fetch TCS.NS 5m after all retries
2025-07-22 18:05:29 - data.live_data_loader - INFO - Fetching TCS.NS data for 15m (attempt 3)
2025-07-22 18:05:29 - data.live_data_loader - ERROR - Error fetching TCS.NS 15m (attempt 3): PriceHistory.history() got an unexpected keyword argument 'threads'
2025-07-22 18:05:29 - data.live_data_loader - ERROR - Failed to fetch TCS.NS 15m after all retries
2025-07-22 18:05:29 - data.live_data_loader - INFO - Fetching TCS.NS data for 1d (attempt 3)
2025-07-22 18:05:29 - data.live_data_loader - ERROR - Error fetching TCS.NS 1d (attempt 3): PriceHistory.history() got an unexpected keyword argument 'threads'
2025-07-22 18:05:29 - data.live_data_loader - ERROR - Failed to fetch TCS.NS 1d after all retries
2025-07-22 18:05:29 - data.live_data_loader - INFO - Fetching TCS.NS data for 1w (attempt 3)
2025-07-22 18:05:29 - data.live_data_loader - ERROR - Error fetching TCS.NS 1w (attempt 3): PriceHistory.history() got an unexpected keyword argument 'threads'
2025-07-22 18:05:29 - data.live_data_loader - ERROR - Failed to fetch TCS.NS 1w after all retries
2025-07-22 18:05:29 - data.live_data_loader - WARNING - No data available for 5m
2025-07-22 18:05:29 - data.live_data_loader - WARNING - No data available for 15m
2025-07-22 18:05:29 - data.live_data_loader - WARNING - No data available for 1d
2025-07-22 18:05:29 - data.live_data_loader - WARNING - No data available for 1w
2025-07-22 18:05:29 - __main__ - ERROR - Error loading market data: No valid data fetched for TCS.NS
2025-07-22 18:16:05 - root - INFO - ============================================================
2025-07-22 18:16:05 - root - INFO - Ultimate Market AI Engine - Logging Initialized
2025-07-22 18:16:05 - root - INFO - Log Level: INFO
2025-07-22 18:16:05 - root - INFO - Main Log File: logs/market_ai_20250722.log
2025-07-22 18:16:05 - root - INFO - Error Log File: logs/market_ai_errors_20250722.log
2025-07-22 18:16:05 - root - INFO - ============================================================
2025-07-22 18:16:05 - models.deep_learning_ensemble - INFO - Using device: cpu
